# JRE version: OpenJDK Runtime Environment Temurin-17.0.13+11 (17.0.13+11) (build 17.0.13+11)
# Java VM: OpenJDK 64-Bit Server VM Temurin-17.0.13+11 (17.0.13+11, mixed mode, tiered, compressed oops, compressed class ptrs, parallel gc, linux-amd64)
GC Precious Log:
 CPUs: 12 total, 12 available
 Memory: 15912M
 Large Page Support: Disabled
 NUMA Support: Disabled
 Compressed Oops: Enabled (32-bit)
 Alignments: Space 512K, Generation 512K, Heap 2M
 Heap Min Capacity: 100M
 Heap Initial Capacity: 100M
 Heap Max Capacity: 1G
 Pre-touch: Disabled
 Parallel Workers: 10
Heap:
 PSYoungGen      total 3584K, used 2473K [0x00000000eab00000, 0x00000000eb100000, 0x0000000100000000)
  eden space 3072K, 64% used [0x00000000eab00000,0x00000000eaced4c0,0x00000000eae00000)
  from space 512K, 97% used [0x00000000eae00000,0x00000000eae7d200,0x00000000eae80000)
  to   space 1024K, 0% used [0x00000000eb000000,0x00000000eb000000,0x00000000eb100000)
 ParOldGen       total 225792K, used 216513K [0x00000000c0000000, 0x00000000cdc80000, 0x00000000eab00000)
  object space 225792K, 95% used [0x00000000c0000000,0x00000000cd3704f0,0x00000000cdc80000)
 Metaspace       used 104333K, committed 105728K, reserved 1179648K
  class space    used 10225K, committed 10944K, reserved 1048576K
GC Heap History (20 events):
Event: 2764,553 GC heap before
{Heap before GC invocations=6566 (full 107):
 PSYoungGen      total 5632K, used 5620K [0x00000000eab00000, 0x00000000eb200000, 0x0000000100000000)
  eden space 5120K, 100% used [0x00000000eab00000,0x00000000eb000000,0x00000000eb000000)
  from space 512K, 97% used [0x00000000eb080000,0x00000000eb0fd200,0x00000000eb100000)
  to   space 1024K, 0% used [0x00000000eb100000,0x00000000eb100000,0x00000000eb200000)
 ParOldGen       total 225792K, used 208924K [0x00000000c0000000, 0x00000000cdc80000, 0x00000000eab00000)
  object space 225792K, 92% used [0x00000000c0000000,0x00000000ccc07280,0x00000000cdc80000)
 Metaspace       used 104333K, committed 105728K, reserved 1179648K
  class space    used 10225K, committed 10944K, reserved 1048576K
}
Event: 2764,554 GC heap after
{Heap after GC invocations=6566 (full 107):
 PSYoungGen      total 5120K, used 995K [0x00000000eab00000, 0x00000000eb400000, 0x0000000100000000)
  eden space 4096K, 0% used [0x00000000eab00000,0x00000000eab00000,0x00000000eaf00000)
  from space 1024K, 97% used [0x00000000eb100000,0x00000000eb1f8c30,0x00000000eb200000)
  to   space 2048K, 0% used [0x00000000eaf00000,0x00000000eaf00000,0x00000000eb100000)
 ParOldGen       total 225792K, used 209424K [0x00000000c0000000, 0x00000000cdc80000, 0x00000000eab00000)
  object space 225792K, 92% used [0x00000000c0000000,0x00000000ccc840f0,0x00000000cdc80000)
 Metaspace       used 104333K, committed 105728K, reserved 1179648K
  class space    used 10225K, committed 10944K, reserved 1048576K
}
Event: 2764,556 GC heap before
{Heap before GC invocations=6567 (full 107):
 PSYoungGen      total 5120K, used 5091K [0x00000000eab00000, 0x00000000eb400000, 0x0000000100000000)
  eden space 4096K, 100% used [0x00000000eab00000,0x00000000eaf00000,0x00000000eaf00000)
  from space 1024K, 97% used [0x00000000eb100000,0x00000000eb1f8c30,0x00000000eb200000)
  to   space 2048K, 0% used [0x00000000eaf00000,0x00000000eaf00000,0x00000000eb100000)
 ParOldGen       total 225792K, used 209424K [0x00000000c0000000, 0x00000000cdc80000, 0x00000000eab00000)
  object space 225792K, 92% used [0x00000000c0000000,0x00000000ccc840f0,0x00000000cdc80000)
 Metaspace       used 104333K, committed 105728K, reserved 1179648K
  class space    used 10225K, committed 10944K, reserved 1048576K
}
Event: 2764,558 GC heap after
{Heap after GC invocations=6567 (full 107):
 PSYoungGen      total 5632K, used 1376K [0x00000000eab00000, 0x00000000eb200000, 0x0000000100000000)
  eden space 4096K, 0% used [0x00000000eab00000,0x00000000eab00000,0x00000000eaf00000)
  from space 1536K, 89% used [0x00000000eaf00000,0x00000000eb058000,0x00000000eb080000)
  to   space 1536K, 0% used [0x00000000eb080000,0x00000000eb080000,0x00000000eb200000)
 ParOldGen       total 225792K, used 210350K [0x00000000c0000000, 0x00000000cdc80000, 0x00000000eab00000)
  object space 225792K, 93% used [0x00000000c0000000,0x00000000ccd6bb60,0x00000000cdc80000)
 Metaspace       used 104333K, committed 105728K, reserved 1179648K
  class space    used 10225K, committed 10944K, reserved 1048576K
}
Event: 2764,566 GC heap before
{Heap before GC invocations=6568 (full 107):
 PSYoungGen      total 5632K, used 5472K [0x00000000eab00000, 0x00000000eb200000, 0x0000000100000000)
  eden space 4096K, 100% used [0x00000000eab00000,0x00000000eaf00000,0x00000000eaf00000)
  from space 1536K, 89% used [0x00000000eaf00000,0x00000000eb058000,0x00000000eb080000)
  to   space 1536K, 0% used [0x00000000eb080000,0x00000000eb080000,0x00000000eb200000)
 ParOldGen       total 225792K, used 210350K [0x00000000c0000000, 0x00000000cdc80000, 0x00000000eab00000)
  object space 225792K, 93% used [0x00000000c0000000,0x00000000ccd6bb60,0x00000000cdc80000)
 Metaspace       used 104333K, committed 105728K, reserved 1179648K
  class space    used 10225K, committed 10944K, reserved 1048576K
}
Event: 2764,569 GC heap after
{Heap after GC invocations=6568 (full 107):
 PSYoungGen      total 2048K, used 1536K [0x00000000eab00000, 0x00000000eba00000, 0x0000000100000000)
  eden space 512K, 0% used [0x00000000eab00000,0x00000000eab00000,0x00000000eab80000)
  from space 1536K, 100% used [0x00000000eb080000,0x00000000eb200000,0x00000000eb200000)
  to   space 5120K, 0% used [0x00000000eab80000,0x00000000eab80000,0x00000000eb080000)
 ParOldGen       total 225792K, used 213030K [0x00000000c0000000, 0x00000000cdc80000, 0x00000000eab00000)
  object space 225792K, 94% used [0x00000000c0000000,0x00000000cd009b60,0x00000000cdc80000)
 Metaspace       used 104333K, committed 105728K, reserved 1179648K
  class space    used 10225K, committed 10944K, reserved 1048576K
}
Event: 2764,571 GC heap before
{Heap before GC invocations=6569 (full 107):
 PSYoungGen      total 2048K, used 2048K [0x00000000eab00000, 0x00000000eba00000, 0x0000000100000000)
  eden space 512K, 100% used [0x00000000eab00000,0x00000000eab80000,0x00000000eab80000)
  from space 1536K, 100% used [0x00000000eb080000,0x00000000eb200000,0x00000000eb200000)
  to   space 5120K, 0% used [0x00000000eab80000,0x00000000eab80000,0x00000000eb080000)
 ParOldGen       total 225792K, used 213030K [0x00000000c0000000, 0x00000000cdc80000, 0x00000000eab00000)
  object space 225792K, 94% used [0x00000000c0000000,0x00000000cd009b60,0x00000000cdc80000)
 Metaspace       used 104333K, committed 105728K, reserved 1179648K
  class space    used 10225K, committed 10944K, reserved 1048576K
}
Event: 2764,573 GC heap after
{Heap after GC invocations=6569 (full 107):
 PSYoungGen      total 1024K, used 416K [0x00000000eab00000, 0x00000000eb100000, 0x0000000100000000)
  eden space 512K, 0% used [0x00000000eab00000,0x00000000eab00000,0x00000000eab80000)
  from space 512K, 81% used [0x00000000eab80000,0x00000000eabe8000,0x00000000eac00000)
  to   space 2048K, 0% used [0x00000000eaf00000,0x00000000eaf00000,0x00000000eb100000)
 ParOldGen       total 225792K, used 214622K [0x00000000c0000000, 0x00000000cdc80000, 0x00000000eab00000)
  object space 225792K, 95% used [0x00000000c0000000,0x00000000cd197b60,0x00000000cdc80000)
 Metaspace       used 104333K, committed 105728K, reserved 1179648K
  class space    used 10225K, committed 10944K, reserved 1048576K
}
Event: 2764,573 GC heap before
{Heap before GC invocations=6570 (full 107):
 PSYoungGen      total 1024K, used 928K [0x00000000eab00000, 0x00000000eb100000, 0x0000000100000000)
  eden space 512K, 100% used [0x00000000eab00000,0x00000000eab80000,0x00000000eab80000)
  from space 512K, 81% used [0x00000000eab80000,0x00000000eabe8000,0x00000000eac00000)
  to   space 2048K, 0% used [0x00000000eaf00000,0x00000000eaf00000,0x00000000eb100000)
 ParOldGen       total 225792K, used 214622K [0x00000000c0000000, 0x00000000cdc80000, 0x00000000eab00000)
  object space 225792K, 95% used [0x00000000c0000000,0x00000000cd197b60,0x00000000cdc80000)
 Metaspace       used 104333K, committed 105728K, reserved 1179648K
  class space    used 10225K, committed 10944K, reserved 1048576K
}
Event: 2764,575 GC heap after
{Heap after GC invocations=6570 (full 107):
 PSYoungGen      total 1536K, used 256K [0x00000000eab00000, 0x00000000eaf80000, 0x0000000100000000)
  eden space 1024K, 0% used [0x00000000eab00000,0x00000000eab00000,0x00000000eac00000)
  from space 512K, 50% used [0x00000000eaf00000,0x00000000eaf40000,0x00000000eaf80000)
  to   space 1024K, 0% used [0x00000000ead80000,0x00000000ead80000,0x00000000eae80000)
 ParOldGen       total 225792K, used 214896K [0x00000000c0000000, 0x00000000cdc80000, 0x00000000eab00000)
  object space 225792K, 95% used [0x00000000c0000000,0x00000000cd1dc348,0x00000000cdc80000)
 Metaspace       used 104333K, committed 105728K, reserved 1179648K
  class space    used 10225K, committed 10944K, reserved 1048576K
}
Event: 2764,576 GC heap before
{Heap before GC invocations=6571 (full 107):
 PSYoungGen      total 1536K, used 1280K [0x00000000eab00000, 0x00000000eaf80000, 0x0000000100000000)
  eden space 1024K, 100% used [0x00000000eab00000,0x00000000eac00000,0x00000000eac00000)
  from space 512K, 50% used [0x00000000eaf00000,0x00000000eaf40000,0x00000000eaf80000)
  to   space 1024K, 0% used [0x00000000ead80000,0x00000000ead80000,0x00000000eae80000)
 ParOldGen       total 225792K, used 214896K [0x00000000c0000000, 0x00000000cdc80000, 0x00000000eab00000)
  object space 225792K, 95% used [0x00000000c0000000,0x00000000cd1dc348,0x00000000cdc80000)
 Metaspace       used 104333K, committed 105728K, reserved 1179648K
  class space    used 10225K, committed 10944K, reserved 1048576K
}
Event: 2764,576 GC heap after
{Heap after GC invocations=6571 (full 107):
 PSYoungGen      total 2560K, used 480K [0x00000000eab00000, 0x00000000eaf80000, 0x0000000100000000)
  eden space 1536K, 0% used [0x00000000eab00000,0x00000000eab00000,0x00000000eac80000)
  from space 1024K, 46% used [0x00000000ead80000,0x00000000eadf8000,0x00000000eae80000)
  to   space 1024K, 0% used [0x00000000eae80000,0x00000000eae80000,0x00000000eaf80000)
 ParOldGen       total 225792K, used 215088K [0x00000000c0000000, 0x00000000cdc80000, 0x00000000eab00000)
  object space 225792K, 95% used [0x00000000c0000000,0x00000000cd20c348,0x00000000cdc80000)
 Metaspace       used 104333K, committed 105728K, reserved 1179648K
  class space    used 10225K, committed 10944K, reserved 1048576K
}
Event: 2764,581 GC heap before
{Heap before GC invocations=6572 (full 107):
 PSYoungGen      total 2560K, used 2016K [0x00000000eab00000, 0x00000000eaf80000, 0x0000000100000000)
  eden space 1536K, 100% used [0x00000000eab00000,0x00000000eac80000,0x00000000eac80000)
  from space 1024K, 46% used [0x00000000ead80000,0x00000000eadf8000,0x00000000eae80000)
  to   space 1024K, 0% used [0x00000000eae80000,0x00000000eae80000,0x00000000eaf80000)
 ParOldGen       total 225792K, used 215088K [0x00000000c0000000, 0x00000000cdc80000, 0x00000000eab00000)
  object space 225792K, 95% used [0x00000000c0000000,0x00000000cd20c348,0x00000000cdc80000)
 Metaspace       used 104333K, committed 105728K, reserved 1179648K
  class space    used 10225K, committed 10944K, reserved 1048576K
}
Event: 2764,582 GC heap after
{Heap after GC invocations=6572 (full 107):
 PSYoungGen      total 3072K, used 576K [0x00000000eab00000, 0x00000000eaf80000, 0x0000000100000000)
  eden space 2048K, 0% used [0x00000000eab00000,0x00000000eab00000,0x00000000ead00000)
  from space 1024K, 56% used [0x00000000eae80000,0x00000000eaf10000,0x00000000eaf80000)
  to   space 1024K, 0% used [0x00000000ead80000,0x00000000ead80000,0x00000000eae80000)
 ParOldGen       total 225792K, used 215475K [0x00000000c0000000, 0x00000000cdc80000, 0x00000000eab00000)
  object space 225792K, 95% used [0x00000000c0000000,0x00000000cd26ceb8,0x00000000cdc80000)
 Metaspace       used 104333K, committed 105728K, reserved 1179648K
  class space    used 10225K, committed 10944K, reserved 1048576K
}
Event: 2764,587 GC heap before
{Heap before GC invocations=6573 (full 107):
 PSYoungGen      total 3072K, used 2624K [0x00000000eab00000, 0x00000000eaf80000, 0x0000000100000000)
  eden space 2048K, 100% used [0x00000000eab00000,0x00000000ead00000,0x00000000ead00000)
  from space 1024K, 56% used [0x00000000eae80000,0x00000000eaf10000,0x00000000eaf80000)
  to   space 1024K, 0% used [0x00000000ead80000,0x00000000ead80000,0x00000000eae80000)
 ParOldGen       total 225792K, used 215475K [0x00000000c0000000, 0x00000000cdc80000, 0x00000000eab00000)
  object space 225792K, 95% used [0x00000000c0000000,0x00000000cd26ceb8,0x00000000cdc80000)
 Metaspace       used 104333K, committed 105728K, reserved 1179648K
  class space    used 10225K, committed 10944K, reserved 1048576K
}
Event: 2764,588 GC heap after
{Heap after GC invocations=6573 (full 107):
 PSYoungGen      total 3584K, used 394K [0x00000000eab00000, 0x00000000eaf00000, 0x0000000100000000)
  eden space 2560K, 0% used [0x00000000eab00000,0x00000000eab00000,0x00000000ead80000)
  from space 1024K, 38% used [0x00000000ead80000,0x00000000eade2800,0x00000000eae80000)
  to   space 512K, 0% used [0x00000000eae80000,0x00000000eae80000,0x00000000eaf00000)
 ParOldGen       total 225792K, used 215941K [0x00000000c0000000, 0x00000000cdc80000, 0x00000000eab00000)
  object space 225792K, 95% used [0x00000000c0000000,0x00000000cd2e14f0,0x00000000cdc80000)
 Metaspace       used 104333K, committed 105728K, reserved 1179648K
  class space    used 10225K, committed 10944K, reserved 1048576K
}
Event: 2764,593 GC heap before
{Heap before GC invocations=6574 (full 107):
 PSYoungGen      total 3584K, used 2954K [0x00000000eab00000, 0x00000000eaf00000, 0x0000000100000000)
  eden space 2560K, 100% used [0x00000000eab00000,0x00000000ead80000,0x00000000ead80000)
  from space 1024K, 38% used [0x00000000ead80000,0x00000000eade2800,0x00000000eae80000)
  to   space 512K, 0% used [0x00000000eae80000,0x00000000eae80000,0x00000000eaf00000)
 ParOldGen       total 225792K, used 215941K [0x00000000c0000000, 0x00000000cdc80000, 0x00000000eab00000)
  object space 225792K, 95% used [0x00000000c0000000,0x00000000cd2e14f0,0x00000000cdc80000)
 Metaspace       used 104333K, committed 105728K, reserved 1179648K
  class space    used 10225K, committed 10944K, reserved 1048576K
}
Event: 2764,594 GC heap after
{Heap after GC invocations=6574 (full 107):
 PSYoungGen      total 3584K, used 372K [0x00000000eab00000, 0x00000000eaf00000, 0x0000000100000000)
  eden space 3072K, 0% used [0x00000000eab00000,0x00000000eab00000,0x00000000eae00000)
  from space 512K, 72% used [0x00000000eae80000,0x00000000eaedd000,0x00000000eaf00000)
  to   space 512K, 0% used [0x00000000eae00000,0x00000000eae00000,0x00000000eae80000)
 ParOldGen       total 225792K, used 216245K [0x00000000c0000000, 0x00000000cdc80000, 0x00000000eab00000)
  object space 225792K, 95% used [0x00000000c0000000,0x00000000cd32d4f0,0x00000000cdc80000)
 Metaspace       used 104333K, committed 105728K, reserved 1179648K
  class space    used 10225K, committed 10944K, reserved 1048576K
}
Event: 2764,602 GC heap before
{Heap before GC invocations=6575 (full 107):
 PSYoungGen      total 3584K, used 3444K [0x00000000eab00000, 0x00000000eaf00000, 0x0000000100000000)
  eden space 3072K, 100% used [0x00000000eab00000,0x00000000eae00000,0x00000000eae00000)
  from space 512K, 72% used [0x00000000eae80000,0x00000000eaedd000,0x00000000eaf00000)
  to   space 512K, 0% used [0x00000000eae00000,0x00000000eae00000,0x00000000eae80000)
 ParOldGen       total 225792K, used 216245K [0x00000000c0000000, 0x00000000cdc80000, 0x00000000eab00000)
  object space 225792K, 95% used [0x00000000c0000000,0x00000000cd32d4f0,0x00000000cdc80000)
 Metaspace       used 104333K, committed 105728K, reserved 1179648K
  class space    used 10225K, committed 10944K, reserved 1048576K
}
Event: 2764,606 GC heap after
{Heap after GC invocations=6575 (full 107):
 PSYoungGen      total 3584K, used 500K [0x00000000eab00000, 0x00000000eb100000, 0x0000000100000000)
  eden space 3072K, 0% used [0x00000000eab00000,0x00000000eab00000,0x00000000eae00000)
  from space 512K, 97% used [0x00000000eae00000,0x00000000eae7d200,0x00000000eae80000)
  to   space 1024K, 0% used [0x00000000eb000000,0x00000000eb000000,0x00000000eb100000)
 ParOldGen       total 225792K, used 216513K [0x00000000c0000000, 0x00000000cdc80000, 0x00000000eab00000)
  object space 225792K, 95% used [0x00000000c0000000,0x00000000cd3704f0,0x00000000cdc80000)
 Metaspace       used 104333K, committed 105728K, reserved 1179648K
  class space    used 10225K, committed 10944K, reserved 1048576K
}

